<?xml version="1.0" encoding="UTF-8"?>
<!-- Generated by org.testng.reporters.JUnitXMLReporter -->
<testsuite ignored="0" hostname="RFL666" failures="0" tests="3" name="Test1" time="32.055" errors="0" timestamp="2022-11-15T13:11:22 IST">
  <testcase classname="testCases.TC_LogIn_001" name="LogInTest" time="8.455"/>
  <testcase classname="testCases.TC_LogIn_001" name="logoDisplayed" time="6.007"/>
  <testcase classname="testCases.TC_LogIn_001" name="searchMobile" time="8.156"/>
</testsuite> <!-- Test1 -->
