<?xml version="1.0" encoding="UTF-8"?>
<!-- Generated by org.testng.reporters.JUnitXMLReporter -->
<testsuite ignored="0" hostname="RFL666" failures="1" tests="1" name="Test" time="7.893" errors="0" timestamp="2022-10-26T16:33:47 IST">
  <testcase classname="testCases.TC_LogIn_001" name="LogInTest" time="4.679">
    <failure type="org.opentest4j.AssertionFailedError" message="expected: &amp;lt;true&amp;gt; but was: &amp;lt;false&amp;gt;">
      <![CDATA[org.opentest4j.AssertionFailedError: expected: <true> but was: <false>
at org.junit.jupiter.api.AssertionUtils.fail(AssertionUtils.java:55)
at org.junit.jupiter.api.AssertTrue.assertTrue(AssertTrue.java:40)
at org.junit.jupiter.api.AssertTrue.assertTrue(AssertTrue.java:35)
at org.junit.jupiter.api.Assertions.assertTrue(Assertions.java:162)
at testCases.TC_LogIn_001.LogInTest(TC_LogIn_001.java:32)
at java.base/java.util.ArrayList.forEach(ArrayList.java:1511)
... Removed 25 stack frames]]>
    </failure>
  </testcase> <!-- LogInTest -->
</testsuite> <!-- Test -->
