<?xml version="1.0" encoding="UTF-8"?>
<testng-results ignored="0" total="3" passed="2" failed="1" skipped="0">
  <reporter-output>
  </reporter-output>
  <suite started-at="2022-11-15T15:21:19 IST" name="Suite" finished-at="2022-11-15T15:21:53 IST" duration-ms="34132">
    <groups>
    </groups>
    <test started-at="2022-11-15T15:21:19 IST" name="Test1" finished-at="2022-11-15T15:21:53 IST" duration-ms="34132">
      <class name="testCases.TC_LogIn_001">
        <test-method is-config="true" signature="setup(java.lang.String)[pri:0, instance:testCases.TC_LogIn_001@1d2adfbe]" started-at="2022-11-15T15:21:19 IST" name="setup" finished-at="2022-11-15T15:21:26 IST" duration-ms="6455" status="PASS">
          <params>
            <param index="0">
              <value>
                <![CDATA[chrome]]>
              </value>
            </param>
          </params>
          <reporter-output>
          </reporter-output>
        </test-method> <!-- setup -->
        <test-method signature="LogInTest()[pri:0, instance:testCases.TC_LogIn_001@1d2adfbe]" started-at="2022-11-15T15:21:26 IST" name="LogInTest" finished-at="2022-11-15T15:21:26 IST" duration-ms="17" status="FAIL">
          <exception class="java.lang.NullPointerException">
            <message>
              <![CDATA[Cannot invoke "com.aventstack.extentreports.ExtentReports.createTest(String)" because "utilities.ExtentReport.extent" is null]]>
            </message>
            <full-stacktrace>
              <![CDATA[java.lang.NullPointerException: Cannot invoke "com.aventstack.extentreports.ExtentReports.createTest(String)" because "utilities.ExtentReport.extent" is null
at testCases.TC_LogIn_001.LogInTest(TC_LogIn_001.java:25)
at java.base/jdk.internal.reflect.DirectMethodHandleAccessor.invoke(DirectMethodHandleAccessor.java:104)
at java.base/java.lang.reflect.Method.invoke(Method.java:578)
at org.testng.internal.MethodInvocationHelper.invokeMethod(MethodInvocationHelper.java:133)
at org.testng.internal.TestInvoker.invokeMethod(TestInvoker.java:598)
at org.testng.internal.TestInvoker.invokeTestMethod(TestInvoker.java:173)
at org.testng.internal.MethodRunner.runInSequence(MethodRunner.java:46)
at org.testng.internal.TestInvoker$MethodInvocationAgent.invoke(TestInvoker.java:824)
at org.testng.internal.TestInvoker.invokeTestMethods(TestInvoker.java:146)
at org.testng.internal.TestMethodWorker.invokeTestMethods(TestMethodWorker.java:146)
at org.testng.internal.TestMethodWorker.run(TestMethodWorker.java:128)
at java.base/java.util.ArrayList.forEach(ArrayList.java:1511)
at org.testng.TestRunner.privateRun(TestRunner.java:794)
at org.testng.TestRunner.run(TestRunner.java:596)
at org.testng.SuiteRunner.runTest(SuiteRunner.java:377)
at org.testng.SuiteRunner.runSequentially(SuiteRunner.java:371)
at org.testng.SuiteRunner.privateRun(SuiteRunner.java:332)
at org.testng.SuiteRunner.run(SuiteRunner.java:276)
at org.testng.SuiteRunnerWorker.runSuite(SuiteRunnerWorker.java:53)
at org.testng.SuiteRunnerWorker.run(SuiteRunnerWorker.java:96)
at org.testng.TestNG.runSuitesSequentially(TestNG.java:1212)
at org.testng.TestNG.runSuitesLocally(TestNG.java:1134)
at org.testng.TestNG.runSuites(TestNG.java:1063)
at org.testng.TestNG.run(TestNG.java:1031)
at org.testng.remote.AbstractRemoteTestNG.run(AbstractRemoteTestNG.java:115)
at org.testng.remote.RemoteTestNG.initAndRun(RemoteTestNG.java:251)
at org.testng.remote.RemoteTestNG.main(RemoteTestNG.java:77)
]]>
            </full-stacktrace>
          </exception> <!-- java.lang.NullPointerException -->
          <reporter-output>
          </reporter-output>
        </test-method> <!-- LogInTest -->
        <test-method is-config="true" signature="tearDown()[pri:0, instance:testCases.TC_LogIn_001@1d2adfbe]" started-at="2022-11-15T15:21:26 IST" name="tearDown" finished-at="2022-11-15T15:21:26 IST" duration-ms="238" status="PASS">
          <reporter-output>
          </reporter-output>
        </test-method> <!-- tearDown -->
        <test-method is-config="true" signature="setup(java.lang.String)[pri:0, instance:testCases.TC_LogIn_001@1d2adfbe]" started-at="2022-11-15T15:21:26 IST" name="setup" finished-at="2022-11-15T15:21:30 IST" duration-ms="4092" status="PASS">
          <params>
            <param index="0">
              <value>
                <![CDATA[chrome]]>
              </value>
            </param>
          </params>
          <reporter-output>
          </reporter-output>
        </test-method> <!-- setup -->
        <test-method signature="logoDisplayed()[pri:0, instance:testCases.TC_LogIn_001@1d2adfbe]" started-at="2022-11-15T15:21:30 IST" name="logoDisplayed" finished-at="2022-11-15T15:21:37 IST" duration-ms="7495" status="PASS">
          <reporter-output>
          </reporter-output>
        </test-method> <!-- logoDisplayed -->
        <test-method is-config="true" signature="tearDown()[pri:0, instance:testCases.TC_LogIn_001@1d2adfbe]" started-at="2022-11-15T15:21:37 IST" name="tearDown" finished-at="2022-11-15T15:21:38 IST" duration-ms="297" status="PASS">
          <reporter-output>
          </reporter-output>
        </test-method> <!-- tearDown -->
        <test-method is-config="true" signature="setup(java.lang.String)[pri:0, instance:testCases.TC_LogIn_001@1d2adfbe]" started-at="2022-11-15T15:21:38 IST" name="setup" finished-at="2022-11-15T15:21:42 IST" duration-ms="4001" status="PASS">
          <params>
            <param index="0">
              <value>
                <![CDATA[chrome]]>
              </value>
            </param>
          </params>
          <reporter-output>
          </reporter-output>
        </test-method> <!-- setup -->
        <test-method signature="searchMobile()[pri:0, instance:testCases.TC_LogIn_001@1d2adfbe]" started-at="2022-11-15T15:21:42 IST" name="searchMobile" finished-at="2022-11-15T15:21:53 IST" duration-ms="11223" status="PASS">
          <reporter-output>
          </reporter-output>
        </test-method> <!-- searchMobile -->
        <test-method is-config="true" signature="tearDown()[pri:0, instance:testCases.TC_LogIn_001@1d2adfbe]" started-at="2022-11-15T15:21:53 IST" name="tearDown" finished-at="2022-11-15T15:21:53 IST" duration-ms="247" status="PASS">
          <reporter-output>
          </reporter-output>
        </test-method> <!-- tearDown -->
      </class> <!-- testCases.TC_LogIn_001 -->
    </test> <!-- Test1 -->
  </suite> <!-- Suite -->
</testng-results>
