<?xml version="1.0" encoding="UTF-8"?>
<testng-results ignored="0" total="3" passed="3" failed="0" skipped="0">
  <reporter-output>
  </reporter-output>
  <suite started-at="2022-11-15T13:10:50 IST" name="Suite" finished-at="2022-11-15T13:11:22 IST" duration-ms="32055">
    <groups>
    </groups>
    <test started-at="2022-11-15T13:10:50 IST" name="Test1" finished-at="2022-11-15T13:11:22 IST" duration-ms="32055">
      <class name="testCases.TC_LogIn_001">
        <test-method is-config="true" signature="setup(java.lang.String)[pri:0, instance:testCases.TC_LogIn_001@1d2adfbe]" started-at="2022-11-15T13:10:50 IST" name="setup" finished-at="2022-11-15T13:10:54 IST" duration-ms="3835" status="PASS">
          <params>
            <param index="0">
              <value>
                <![CDATA[chrome]]>
              </value>
            </param>
          </params>
          <reporter-output>
          </reporter-output>
        </test-method> <!-- setup -->
        <test-method signature="LogInTest()[pri:0, instance:testCases.TC_LogIn_001@1d2adfbe]" started-at="2022-11-15T13:10:54 IST" name="LogInTest" finished-at="2022-11-15T13:11:02 IST" duration-ms="8455" status="PASS">
          <reporter-output>
          </reporter-output>
        </test-method> <!-- LogInTest -->
        <test-method is-config="true" signature="tearDown()[pri:0, instance:testCases.TC_LogIn_001@1d2adfbe]" started-at="2022-11-15T13:11:02 IST" name="tearDown" finished-at="2022-11-15T13:11:02 IST" duration-ms="128" status="PASS">
          <reporter-output>
          </reporter-output>
        </test-method> <!-- tearDown -->
        <test-method is-config="true" signature="setup(java.lang.String)[pri:0, instance:testCases.TC_LogIn_001@1d2adfbe]" started-at="2022-11-15T13:11:02 IST" name="setup" finished-at="2022-11-15T13:11:05 IST" duration-ms="2666" status="PASS">
          <params>
            <param index="0">
              <value>
                <![CDATA[chrome]]>
              </value>
            </param>
          </params>
          <reporter-output>
          </reporter-output>
        </test-method> <!-- setup -->
        <test-method signature="logoDisplayed()[pri:0, instance:testCases.TC_LogIn_001@1d2adfbe]" started-at="2022-11-15T13:11:05 IST" name="logoDisplayed" finished-at="2022-11-15T13:11:11 IST" duration-ms="6007" status="PASS">
          <reporter-output>
          </reporter-output>
        </test-method> <!-- logoDisplayed -->
        <test-method is-config="true" signature="tearDown()[pri:0, instance:testCases.TC_LogIn_001@1d2adfbe]" started-at="2022-11-15T13:11:11 IST" name="tearDown" finished-at="2022-11-15T13:11:11 IST" duration-ms="127" status="PASS">
          <reporter-output>
          </reporter-output>
        </test-method> <!-- tearDown -->
        <test-method is-config="true" signature="setup(java.lang.String)[pri:0, instance:testCases.TC_LogIn_001@1d2adfbe]" started-at="2022-11-15T13:11:11 IST" name="setup" finished-at="2022-11-15T13:11:14 IST" duration-ms="2514" status="PASS">
          <params>
            <param index="0">
              <value>
                <![CDATA[chrome]]>
              </value>
            </param>
          </params>
          <reporter-output>
          </reporter-output>
        </test-method> <!-- setup -->
        <test-method signature="searchMobile()[pri:0, instance:testCases.TC_LogIn_001@1d2adfbe]" started-at="2022-11-15T13:11:14 IST" name="searchMobile" finished-at="2022-11-15T13:11:22 IST" duration-ms="8156" status="PASS">
          <reporter-output>
          </reporter-output>
        </test-method> <!-- searchMobile -->
        <test-method is-config="true" signature="tearDown()[pri:0, instance:testCases.TC_LogIn_001@1d2adfbe]" started-at="2022-11-15T13:11:22 IST" name="tearDown" finished-at="2022-11-15T13:11:22 IST" duration-ms="135" status="PASS">
          <reporter-output>
          </reporter-output>
        </test-method> <!-- tearDown -->
      </class> <!-- testCases.TC_LogIn_001 -->
    </test> <!-- Test1 -->
  </suite> <!-- Suite -->
</testng-results>
